<?xml version="1.0" encoding="UTF-8"?>
<Site BuildName="(empty)"
	BuildStamp="20241019-0201-Experimental"
	Name="xxx-BQM5"
	Generator="ctest-3.10.2"
	CompilerName="/usr/bin/g++"
	CompilerVersion="7.5.0"
	OSName="Linux"
	Hostname="xxx-BQM5"
	OSRelease="5.15.147-0515147-generic"
	OSVersion="#202401151339 SMP Mon Jan 15 19:17:16 UTC 2024"
	OSPlatform="x86_64"
	Is64Bits="1"
	VendorString="GenuineIntel"
	VendorID="Intel Corporation"
	FamilyID="6"
	ModelID="186"
	ProcessorCacheSize="24576"
	NumberOfLogicalCPU="20"
	NumberOfPhysicalCPU="14"
	TotalVirtualMemory="2047"
	TotalPhysicalMemory="15724"
	LogicalProcessorsPerPhysical="1"
	ProcessorClockFrequency="3000"
	>
	<Testing>
		<StartDateTime>Oct 19 16:13 CST</StartDateTime>
		<StartTestTime>1729325637</StartTestTime>
		<TestList/>
		<EndDateTime>Oct 19 16:13 CST</EndDateTime>
		<EndTestTime>1729325637</EndTestTime>
		<ElapsedMinutes>0</ElapsedMinutes>
	</Testing>
</Site>
